<?xml version="1.0" encoding="UTF-8"?>
<coverage generated="1691255345425" clover="3.2.0">
  <project timestamp="1691255345425" name="All files">
    <metrics statements="10" coveredstatements="10" conditionals="3" coveredconditionals="3" methods="2" coveredmethods="2" elements="15" coveredelements="15" complexity="0" loc="10" ncloc="10" packages="1" files="2" classes="2"/>
    <file name="addNumber.ts" path="/Users/reshmaghosh/Documents/homework/homework1/INT-FS8-Testing/src/functions/addNumber.ts">
      <metrics statements="2" coveredstatements="2" conditionals="0" coveredconditionals="0" methods="1" coveredmethods="1"/>
      <line num="2" count="3" type="stmt"/>
      <line num="3" count="5" type="stmt"/>
    </file>
    <file name="checkSum.ts" path="/Users/reshmaghosh/Documents/homework/homework1/INT-FS8-Testing/src/functions/checkSum.ts">
      <metrics statements="8" coveredstatements="8" conditionals="3" coveredconditionals="3" methods="1" coveredmethods="1"/>
      <line num="1" count="1" type="stmt"/>
      <line num="3" count="1" type="stmt"/>
      <line num="4" count="3" type="stmt"/>
      <line num="5" count="3" type="cond" truecount="1" falsecount="0"/>
      <line num="6" count="1" type="stmt"/>
      <line num="8" count="2" type="cond" truecount="2" falsecount="0"/>
      <line num="9" count="1" type="stmt"/>
      <line num="11" count="1" type="stmt"/>
    </file>
  </project>
</coverage>
