{"/Users/reshmaghosh/Documents/homework/homework1/INT-FS8-Testing/src/functions/addNumber.ts": {"path":"/Users/reshmaghosh/Documents/homework/homework1/INT-FS8-Testing/src/functions/addNumber.ts","statementMap":{"0":{"start":{"line":2,"column":25},"end":{"line":4,"column":1}},"1":{"start":{"line":3,"column":2},"end":{"line":3,"column":15}},"2":{"start":{"line":2,"column":13},"end":{"line":2,"column":25}}},"fnMap":{"0":{"name":"(anonymous_0)","decl":{"start":{"line":2,"column":25},"end":{"line":2,"column":26}},"loc":{"start":{"line":2,"column":50},"end":{"line":4,"column":1}}}},"branchMap":{},"s":{"0":3,"1":5,"2":3},"f":{"0":5},"b":{}}
,"/Users/reshmaghosh/Documents/homework/homework1/INT-FS8-Testing/src/functions/checkSum.ts": {"path":"/Users/reshmaghosh/Documents/homework/homework1/INT-FS8-Testing/src/functions/checkSum.ts","statementMap":{"0":{"start":{"line":1,"column":0},"end":{"line":1,"column":40}},"1":{"start":{"line":4,"column":14},"end":{"line":4,"column":29}},"2":{"start":{"line":5,"column":2},"end":{"line":7,"column":null}},"3":{"start":{"line":6,"column":4},"end":{"line":6,"column":39}},"4":{"start":{"line":8,"column":2},"end":{"line":12,"column":null}},"5":{"start":{"line":9,"column":4},"end":{"line":9,"column":35}},"6":{"start":{"line":11,"column":4},"end":{"line":11,"column":39}},"7":{"start":{"line":3,"column":0},"end":{"line":3,"column":16}}},"fnMap":{"0":{"name":"checkSum","decl":{"start":{"line":3,"column":16},"end":{"line":3,"column":24}},"loc":{"start":{"line":3,"column":45},"end":{"line":13,"column":1}}}},"branchMap":{"0":{"loc":{"start":{"line":5,"column":2},"end":{"line":7,"column":null}},"type":"if","locations":[{"start":{"line":5,"column":2},"end":{"line":7,"column":null}}]},"1":{"loc":{"start":{"line":8,"column":2},"end":{"line":12,"column":null}},"type":"if","locations":[{"start":{"line":8,"column":2},"end":{"line":12,"column":null}},{"start":{"line":10,"column":9},"end":{"line":12,"column":null}}]}},"s":{"0":1,"1":3,"2":3,"3":1,"4":2,"5":1,"6":1,"7":1},"f":{"0":3},"b":{"0":[1],"1":[1,1]}}
}
