{"/Users/andrea/teaching/isa8/homework/test/src/functions/addNumber.ts": {"path":"/Users/andrea/teaching/isa8/homework/test/src/functions/addNumber.ts","statementMap":{"0":{"start":{"line":2,"column":25},"end":{"line":4,"column":1}},"1":{"start":{"line":3,"column":2},"end":{"line":3,"column":15}},"2":{"start":{"line":2,"column":13},"end":{"line":2,"column":25}}},"fnMap":{"0":{"name":"(anonymous_0)","decl":{"start":{"line":2,"column":25},"end":{"line":2,"column":26}},"loc":{"start":{"line":2,"column":50},"end":{"line":4,"column":1}}}},"branchMap":{},"s":{"0":1,"1":1,"2":1},"f":{"0":1},"b":{}}
}
